Build started 4/29/2016 9:59:28 AM.
     1>Project "\\dav.edu\students\HS18$\mgfeldhahn60\my documents\visual studio 2013\Projects\Codies-TheGame\Codies-TheGame\Codies-TheGame.vcxproj" on node 2 (Build target(s)).
     1>ClCompile:
         C:\Program Files (x86)\Microsoft Visual Studio 12.0\VC\bin\CL.exe /c /ZI /nologo /W3 /WX- /sdl /Od /Oy- /D _MBCS /Gm /EHsc /RTC1 /MDd /GS /fp:precise /Zc:wchar_t /Zc:forScope /Fo"Debug\\" /Fd"Debug\vc120.pdb" /Gd /TP /analyze- /errorReport:prompt Game.cpp
         Game.cpp
     1>\\dav.edu\students\hs18$\mgfeldhahn60\my documents\visual studio 2013\projects\codies-thegame\codies-thegame\game.cpp(144): error C3867: 'Stats::getDamage': function call missing argument list; use '&Stats::getDamage' to create a pointer to member
     1>\\dav.edu\students\hs18$\mgfeldhahn60\my documents\visual studio 2013\projects\codies-thegame\codies-thegame\game.cpp(144): error C2297: '-' : illegal, right operand has type 'int (__thiscall Stats::* )(void)'
     1>Done Building Project "\\dav.edu\students\HS18$\mgfeldhahn60\my documents\visual studio 2013\Projects\Codies-TheGame\Codies-TheGame\Codies-TheGame.vcxproj" (Build target(s)) -- FAILED.

Build FAILED.

Time Elapsed 00:00:00.93
